0 info it worked if it ends with ok
1 verbose cli [ 'E:\\Program Files\\nodejs\\node.exe',
1 verbose cli   'E:\\Program Files\\nodejs\\node_modules\\npm\\bin\\npm-cli.js',
1 verbose cli   'run',
1 verbose cli   'build' ]
2 info using npm@3.10.10
3 info using node@v6.11.4
4 verbose run-script [ 'prebuild', 'build', 'postbuild' ]
5 info lifecycle bookmanage@0.0.0~prebuild: bookmanage@0.0.0
6 silly lifecycle bookmanage@0.0.0~prebuild: no script for prebuild, continuing
7 info lifecycle bookmanage@0.0.0~build: bookmanage@0.0.0
8 verbose lifecycle bookmanage@0.0.0~build: unsafe-perm in lifecycle true
9 verbose lifecycle bookmanage@0.0.0~build: PATH: E:\Program Files\nodejs\node_modules\npm\bin\node-gyp-bin;D:\bookmanage\bookmanage\src\node_modules\.bin;C:\Windows\system32;C:\Windows;C:\Windows\System32\Wbem;C:\Windows\System32\WindowsPowerShell\v1.0\;e:\Program Files\Git\cmd;E:\Program Files\TortoiseSVN\bin;E:\Program Files\VisualSVN Server\bin;E:\Program Files\nodejs;E:\xampp\mysql\bin\;C:\mongo\bin;e:\Program Files\Microsoft VS Code\bin;C:\Users\qianfeng\AppData\Roaming\npm
10 verbose lifecycle bookmanage@0.0.0~build: CWD: D:\bookmanage\bookmanage\src
11 silly lifecycle bookmanage@0.0.0~build: Args: [ '/d /s /c', 'supervisor ./bin/www' ]
12 verbose stack Error: kill ENOSYS
12 verbose stack     at Object.exports._errnoException (util.js:1020:11)
12 verbose stack     at process.kill (internal/process.js:191:18)
12 verbose stack     at process.listener (E:\Program Files\nodejs\node_modules\npm\node_modules\npmlog\node_modules\gauge\node_modules\signal-exit\index.js:86:15)
12 verbose stack     at emitNone (events.js:91:20)
12 verbose stack     at process.emit (events.js:185:7)
12 verbose stack     at processEmit (E:\Program Files\nodejs\node_modules\npm\node_modules\npmlog\node_modules\gauge\node_modules\signal-exit\index.js:146:32)
12 verbose stack     at processEmit (E:\Program Files\nodejs\node_modules\npm\node_modules\npm-registry-client\node_modules\npmlog\node_modules\gauge\node_modules\signal-exit\index.js:146:32)
12 verbose stack     at Signal.wrap.onsignal (internal/process.js:217:44)
13 verbose cwd D:\bookmanage\bookmanage\src
14 error Windows_NT 6.1.7600
15 error argv "E:\\Program Files\\nodejs\\node.exe" "E:\\Program Files\\nodejs\\node_modules\\npm\\bin\\npm-cli.js" "run" "build"
16 error node v6.11.4
17 error npm  v3.10.10
18 error code ENOSYS
19 error errno ENOSYS
20 error syscall kill
21 error kill ENOSYS
22 error If you need help, you may report this error at:
22 error     <https://github.com/npm/npm/issues>
23 verbose exit [ 1, true ]
